2013/11/03 17:45:31 [error] [exception.CException] exception 'CException' with message 'Property "GiiModule.ipfilters" is not defined.' in D:\Applications\Website\Core\Yii.1.1.14\framework\base\CComponent.php:173
Stack trace:
#0 D:\Applications\Website\Core\Yii.1.1.14\framework\base\CModule.php(513): CComponent->__set('ipfilters', Array)
#1 D:\Applications\Website\Core\Yii.1.1.14\framework\base\CModule.php(86): CModule->configure(Array)
#2 D:\Applications\Website\Core\Yii.1.1.14\framework\YiiBase.php(206): CModule->__construct('gii', NULL, Array)
#3 D:\Applications\Website\Core\Yii.1.1.14\framework\base\CModule.php(282): YiiBase::createComponent('system.gii.giim...', 'gii', NULL, Array)
#4 D:\Applications\Website\Core\Yii.1.1.14\framework\web\CWebApplication.php(337): CModule->getModule('gii')
#5 D:\Applications\Website\Core\Yii.1.1.14\framework\web\CWebApplication.php(276): CWebApplication->createController('gii')
#6 D:\Applications\Website\Core\Yii.1.1.14\framework\web\CWebApplication.php(141): CWebApplication->runController('gii')
#7 D:\Applications\Website\Core\Yii.1.1.14\framework\base\CApplication.php(180): CWebApplication->processRequest()
#8 D:\Applications\Website\xshop-website\index.php(13): CApplication->run()
#9 {main}
REQUEST_URI=/xshop-website/index.php?r=gii
---
2013/11/03 17:46:47 [error] [exception.CException] exception 'CException' with message 'Property "GiiModule.ipfilters" is not defined.' in D:\Applications\Website\Core\Yii.1.1.14\framework\base\CComponent.php:173
Stack trace:
#0 D:\Applications\Website\Core\Yii.1.1.14\framework\base\CModule.php(513): CComponent->__set('ipfilters', Array)
#1 D:\Applications\Website\Core\Yii.1.1.14\framework\base\CModule.php(86): CModule->configure(Array)
#2 D:\Applications\Website\Core\Yii.1.1.14\framework\YiiBase.php(206): CModule->__construct('gii', NULL, Array)
#3 D:\Applications\Website\Core\Yii.1.1.14\framework\base\CModule.php(282): YiiBase::createComponent('system.gii.giim...', 'gii', NULL, Array)
#4 D:\Applications\Website\Core\Yii.1.1.14\framework\web\CWebApplication.php(337): CModule->getModule('gii')
#5 D:\Applications\Website\Core\Yii.1.1.14\framework\web\CWebApplication.php(276): CWebApplication->createController('gii')
#6 D:\Applications\Website\Core\Yii.1.1.14\framework\web\CWebApplication.php(141): CWebApplication->runController('gii')
#7 D:\Applications\Website\Core\Yii.1.1.14\framework\base\CApplication.php(180): CWebApplication->processRequest()
#8 D:\Applications\Website\xshop-website\index.php(13): CApplication->run()
#9 {main}
REQUEST_URI=/xshop-website/index.php?r=gii
---
2013/11/03 17:47:11 [error] [exception.CException] exception 'CException' with message 'Property "GiiModule.ipfilters" is not defined.' in D:\Applications\Website\Core\Yii.1.1.14\framework\base\CComponent.php:173
Stack trace:
#0 D:\Applications\Website\Core\Yii.1.1.14\framework\base\CModule.php(513): CComponent->__set('ipfilters', Array)
#1 D:\Applications\Website\Core\Yii.1.1.14\framework\base\CModule.php(86): CModule->configure(Array)
#2 D:\Applications\Website\Core\Yii.1.1.14\framework\YiiBase.php(206): CModule->__construct('gii', NULL, Array)
#3 D:\Applications\Website\Core\Yii.1.1.14\framework\base\CModule.php(282): YiiBase::createComponent('system.gii.giim...', 'gii', NULL, Array)
#4 D:\Applications\Website\Core\Yii.1.1.14\framework\web\CWebApplication.php(337): CModule->getModule('gii')
#5 D:\Applications\Website\Core\Yii.1.1.14\framework\web\CWebApplication.php(276): CWebApplication->createController('gii')
#6 D:\Applications\Website\Core\Yii.1.1.14\framework\web\CWebApplication.php(141): CWebApplication->runController('gii')
#7 D:\Applications\Website\Core\Yii.1.1.14\framework\base\CApplication.php(180): CWebApplication->processRequest()
#8 D:\Applications\Website\xshop-website\index.php(13): CApplication->run()
#9 {main}
REQUEST_URI=/xshop-website/index.php?r=gii
---
2013/11/03 17:47:12 [error] [exception.CException] exception 'CException' with message 'Property "GiiModule.ipfilters" is not defined.' in D:\Applications\Website\Core\Yii.1.1.14\framework\base\CComponent.php:173
Stack trace:
#0 D:\Applications\Website\Core\Yii.1.1.14\framework\base\CModule.php(513): CComponent->__set('ipfilters', Array)
#1 D:\Applications\Website\Core\Yii.1.1.14\framework\base\CModule.php(86): CModule->configure(Array)
#2 D:\Applications\Website\Core\Yii.1.1.14\framework\YiiBase.php(206): CModule->__construct('gii', NULL, Array)
#3 D:\Applications\Website\Core\Yii.1.1.14\framework\base\CModule.php(282): YiiBase::createComponent('system.gii.giim...', 'gii', NULL, Array)
#4 D:\Applications\Website\Core\Yii.1.1.14\framework\web\CWebApplication.php(337): CModule->getModule('gii')
#5 D:\Applications\Website\Core\Yii.1.1.14\framework\web\CWebApplication.php(276): CWebApplication->createController('gii')
#6 D:\Applications\Website\Core\Yii.1.1.14\framework\web\CWebApplication.php(141): CWebApplication->runController('gii')
#7 D:\Applications\Website\Core\Yii.1.1.14\framework\base\CApplication.php(180): CWebApplication->processRequest()
#8 D:\Applications\Website\xshop-website\index.php(13): CApplication->run()
#9 {main}
REQUEST_URI=/xshop-website/index.php?r=gii
---
2013/11/03 17:47:13 [error] [exception.CException] exception 'CException' with message 'Property "GiiModule.ipfilters" is not defined.' in D:\Applications\Website\Core\Yii.1.1.14\framework\base\CComponent.php:173
Stack trace:
#0 D:\Applications\Website\Core\Yii.1.1.14\framework\base\CModule.php(513): CComponent->__set('ipfilters', Array)
#1 D:\Applications\Website\Core\Yii.1.1.14\framework\base\CModule.php(86): CModule->configure(Array)
#2 D:\Applications\Website\Core\Yii.1.1.14\framework\YiiBase.php(206): CModule->__construct('gii', NULL, Array)
#3 D:\Applications\Website\Core\Yii.1.1.14\framework\base\CModule.php(282): YiiBase::createComponent('system.gii.giim...', 'gii', NULL, Array)
#4 D:\Applications\Website\Core\Yii.1.1.14\framework\web\CWebApplication.php(337): CModule->getModule('gii')
#5 D:\Applications\Website\Core\Yii.1.1.14\framework\web\CWebApplication.php(276): CWebApplication->createController('gii')
#6 D:\Applications\Website\Core\Yii.1.1.14\framework\web\CWebApplication.php(141): CWebApplication->runController('gii')
#7 D:\Applications\Website\Core\Yii.1.1.14\framework\base\CApplication.php(180): CWebApplication->processRequest()
#8 D:\Applications\Website\xshop-website\index.php(13): CApplication->run()
#9 {main}
REQUEST_URI=/xshop-website/index.php?r=gii
---
2013/11/03 17:47:13 [error] [exception.CException] exception 'CException' with message 'Property "GiiModule.ipfilters" is not defined.' in D:\Applications\Website\Core\Yii.1.1.14\framework\base\CComponent.php:173
Stack trace:
#0 D:\Applications\Website\Core\Yii.1.1.14\framework\base\CModule.php(513): CComponent->__set('ipfilters', Array)
#1 D:\Applications\Website\Core\Yii.1.1.14\framework\base\CModule.php(86): CModule->configure(Array)
#2 D:\Applications\Website\Core\Yii.1.1.14\framework\YiiBase.php(206): CModule->__construct('gii', NULL, Array)
#3 D:\Applications\Website\Core\Yii.1.1.14\framework\base\CModule.php(282): YiiBase::createComponent('system.gii.giim...', 'gii', NULL, Array)
#4 D:\Applications\Website\Core\Yii.1.1.14\framework\web\CWebApplication.php(337): CModule->getModule('gii')
#5 D:\Applications\Website\Core\Yii.1.1.14\framework\web\CWebApplication.php(276): CWebApplication->createController('gii')
#6 D:\Applications\Website\Core\Yii.1.1.14\framework\web\CWebApplication.php(141): CWebApplication->runController('gii')
#7 D:\Applications\Website\Core\Yii.1.1.14\framework\base\CApplication.php(180): CWebApplication->processRequest()
#8 D:\Applications\Website\xshop-website\index.php(13): CApplication->run()
#9 {main}
REQUEST_URI=/xshop-website/index.php?r=gii
---
2013/11/03 17:48:20 [error] [exception.CException] exception 'CException' with message 'Property "GiiModule.ipfilters" is not defined.' in D:\Applications\Website\Core\Yii.1.1.14\framework\base\CComponent.php:173
Stack trace:
#0 D:\Applications\Website\Core\Yii.1.1.14\framework\base\CModule.php(513): CComponent->__set('ipfilters', Array)
#1 D:\Applications\Website\Core\Yii.1.1.14\framework\base\CModule.php(86): CModule->configure(Array)
#2 D:\Applications\Website\Core\Yii.1.1.14\framework\YiiBase.php(206): CModule->__construct('gii', NULL, Array)
#3 D:\Applications\Website\Core\Yii.1.1.14\framework\base\CModule.php(282): YiiBase::createComponent('system.gii.giim...', 'gii', NULL, Array)
#4 D:\Applications\Website\Core\Yii.1.1.14\framework\web\CWebApplication.php(337): CModule->getModule('gii')
#5 D:\Applications\Website\Core\Yii.1.1.14\framework\web\CWebApplication.php(276): CWebApplication->createController('gii')
#6 D:\Applications\Website\Core\Yii.1.1.14\framework\web\CWebApplication.php(141): CWebApplication->runController('gii')
#7 D:\Applications\Website\Core\Yii.1.1.14\framework\base\CApplication.php(180): CWebApplication->processRequest()
#8 D:\Applications\Website\xshop-website\index.php(13): CApplication->run()
#9 {main}
REQUEST_URI=/xshop-website/index.php?r=gii
---
2013/11/03 17:48:56 [error] [exception.CException] exception 'CException' with message 'Property "GiiModule.ipfilters" is not defined.' in D:\Applications\Website\Core\Yii.1.1.14\framework\base\CComponent.php:173
Stack trace:
#0 D:\Applications\Website\Core\Yii.1.1.14\framework\base\CModule.php(513): CComponent->__set('ipfilters', Array)
#1 D:\Applications\Website\Core\Yii.1.1.14\framework\base\CModule.php(86): CModule->configure(Array)
#2 D:\Applications\Website\Core\Yii.1.1.14\framework\YiiBase.php(206): CModule->__construct('gii', NULL, Array)
#3 D:\Applications\Website\Core\Yii.1.1.14\framework\base\CModule.php(282): YiiBase::createComponent('system.gii.giim...', 'gii', NULL, Array)
#4 D:\Applications\Website\Core\Yii.1.1.14\framework\web\CWebApplication.php(337): CModule->getModule('gii')
#5 D:\Applications\Website\Core\Yii.1.1.14\framework\web\CWebApplication.php(276): CWebApplication->createController('gii')
#6 D:\Applications\Website\Core\Yii.1.1.14\framework\web\CWebApplication.php(141): CWebApplication->runController('gii')
#7 D:\Applications\Website\Core\Yii.1.1.14\framework\base\CApplication.php(180): CWebApplication->processRequest()
#8 D:\Applications\Website\xshop-website\index.php(13): CApplication->run()
#9 {main}
REQUEST_URI=/xshop-website/index.php?r=gii
---
2013/11/03 17:49:49 [error] [exception.CException] exception 'CException' with message 'Property "GiiModule.ipfilters" is not defined.' in D:\Applications\Website\Core\Yii.1.1.14\framework\base\CComponent.php:173
Stack trace:
#0 D:\Applications\Website\Core\Yii.1.1.14\framework\base\CModule.php(513): CComponent->__set('ipfilters', Array)
#1 D:\Applications\Website\Core\Yii.1.1.14\framework\base\CModule.php(86): CModule->configure(Array)
#2 D:\Applications\Website\Core\Yii.1.1.14\framework\YiiBase.php(206): CModule->__construct('gii', NULL, Array)
#3 D:\Applications\Website\Core\Yii.1.1.14\framework\base\CModule.php(282): YiiBase::createComponent('system.gii.giim...', 'gii', NULL, Array)
#4 D:\Applications\Website\Core\Yii.1.1.14\framework\web\CWebApplication.php(337): CModule->getModule('gii')
#5 D:\Applications\Website\Core\Yii.1.1.14\framework\web\CWebApplication.php(276): CWebApplication->createController('gii')
#6 D:\Applications\Website\Core\Yii.1.1.14\framework\web\CWebApplication.php(141): CWebApplication->runController('gii')
#7 D:\Applications\Website\Core\Yii.1.1.14\framework\base\CApplication.php(180): CWebApplication->processRequest()
#8 D:\Applications\Website\xshop-website\index.php(13): CApplication->run()
#9 {main}
REQUEST_URI=/xshop-website/index.php?r=gii
---
2013/11/03 17:49:50 [error] [exception.CException] exception 'CException' with message 'Property "GiiModule.ipfilters" is not defined.' in D:\Applications\Website\Core\Yii.1.1.14\framework\base\CComponent.php:173
Stack trace:
#0 D:\Applications\Website\Core\Yii.1.1.14\framework\base\CModule.php(513): CComponent->__set('ipfilters', Array)
#1 D:\Applications\Website\Core\Yii.1.1.14\framework\base\CModule.php(86): CModule->configure(Array)
#2 D:\Applications\Website\Core\Yii.1.1.14\framework\YiiBase.php(206): CModule->__construct('gii', NULL, Array)
#3 D:\Applications\Website\Core\Yii.1.1.14\framework\base\CModule.php(282): YiiBase::createComponent('system.gii.giim...', 'gii', NULL, Array)
#4 D:\Applications\Website\Core\Yii.1.1.14\framework\web\CWebApplication.php(337): CModule->getModule('gii')
#5 D:\Applications\Website\Core\Yii.1.1.14\framework\web\CWebApplication.php(276): CWebApplication->createController('gii')
#6 D:\Applications\Website\Core\Yii.1.1.14\framework\web\CWebApplication.php(141): CWebApplication->runController('gii')
#7 D:\Applications\Website\Core\Yii.1.1.14\framework\base\CApplication.php(180): CWebApplication->processRequest()
#8 D:\Applications\Website\xshop-website\index.php(13): CApplication->run()
#9 {main}
REQUEST_URI=/xshop-website/index.php?r=gii
---
2013/11/03 17:49:51 [error] [exception.CException] exception 'CException' with message 'Property "GiiModule.ipfilters" is not defined.' in D:\Applications\Website\Core\Yii.1.1.14\framework\base\CComponent.php:173
Stack trace:
#0 D:\Applications\Website\Core\Yii.1.1.14\framework\base\CModule.php(513): CComponent->__set('ipfilters', Array)
#1 D:\Applications\Website\Core\Yii.1.1.14\framework\base\CModule.php(86): CModule->configure(Array)
#2 D:\Applications\Website\Core\Yii.1.1.14\framework\YiiBase.php(206): CModule->__construct('gii', NULL, Array)
#3 D:\Applications\Website\Core\Yii.1.1.14\framework\base\CModule.php(282): YiiBase::createComponent('system.gii.giim...', 'gii', NULL, Array)
#4 D:\Applications\Website\Core\Yii.1.1.14\framework\web\CWebApplication.php(337): CModule->getModule('gii')
#5 D:\Applications\Website\Core\Yii.1.1.14\framework\web\CWebApplication.php(276): CWebApplication->createController('gii')
#6 D:\Applications\Website\Core\Yii.1.1.14\framework\web\CWebApplication.php(141): CWebApplication->runController('gii')
#7 D:\Applications\Website\Core\Yii.1.1.14\framework\base\CApplication.php(180): CWebApplication->processRequest()
#8 D:\Applications\Website\xshop-website\index.php(13): CApplication->run()
#9 {main}
REQUEST_URI=/xshop-website/index.php?r=gii
---
2013/11/03 17:50:32 [error] [exception.CException] exception 'CException' with message 'Property "GiiModule.ipfilters" is not defined.' in D:\Applications\Website\Core\Yii.1.1.14\framework\base\CComponent.php:173
Stack trace:
#0 D:\Applications\Website\Core\Yii.1.1.14\framework\base\CModule.php(513): CComponent->__set('ipfilters', Array)
#1 D:\Applications\Website\Core\Yii.1.1.14\framework\base\CModule.php(86): CModule->configure(Array)
#2 D:\Applications\Website\Core\Yii.1.1.14\framework\YiiBase.php(206): CModule->__construct('gii', NULL, Array)
#3 D:\Applications\Website\Core\Yii.1.1.14\framework\base\CModule.php(282): YiiBase::createComponent('system.gii.giim...', 'gii', NULL, Array)
#4 D:\Applications\Website\Core\Yii.1.1.14\framework\web\CWebApplication.php(337): CModule->getModule('gii')
#5 D:\Applications\Website\Core\Yii.1.1.14\framework\web\CWebApplication.php(276): CWebApplication->createController('gii')
#6 D:\Applications\Website\Core\Yii.1.1.14\framework\web\CWebApplication.php(141): CWebApplication->runController('gii')
#7 D:\Applications\Website\Core\Yii.1.1.14\framework\base\CApplication.php(180): CWebApplication->processRequest()
#8 D:\Applications\Website\xshop-website\index.php(13): CApplication->run()
#9 {main}
REQUEST_URI=/xshop-website/index.php?r=gii
---
2013/11/03 17:50:34 [error] [exception.CException] exception 'CException' with message 'Property "GiiModule.ipfilters" is not defined.' in D:\Applications\Website\Core\Yii.1.1.14\framework\base\CComponent.php:173
Stack trace:
#0 D:\Applications\Website\Core\Yii.1.1.14\framework\base\CModule.php(513): CComponent->__set('ipfilters', Array)
#1 D:\Applications\Website\Core\Yii.1.1.14\framework\base\CModule.php(86): CModule->configure(Array)
#2 D:\Applications\Website\Core\Yii.1.1.14\framework\YiiBase.php(206): CModule->__construct('gii', NULL, Array)
#3 D:\Applications\Website\Core\Yii.1.1.14\framework\base\CModule.php(282): YiiBase::createComponent('system.gii.giim...', 'gii', NULL, Array)
#4 D:\Applications\Website\Core\Yii.1.1.14\framework\web\CWebApplication.php(337): CModule->getModule('gii')
#5 D:\Applications\Website\Core\Yii.1.1.14\framework\web\CWebApplication.php(276): CWebApplication->createController('gii')
#6 D:\Applications\Website\Core\Yii.1.1.14\framework\web\CWebApplication.php(141): CWebApplication->runController('gii')
#7 D:\Applications\Website\Core\Yii.1.1.14\framework\base\CApplication.php(180): CWebApplication->processRequest()
#8 D:\Applications\Website\xshop-website\index.php(13): CApplication->run()
#9 {main}
REQUEST_URI=/xshop-website/index.php?r=gii
---
2013/11/03 17:50:35 [error] [exception.CException] exception 'CException' with message 'Property "GiiModule.ipfilters" is not defined.' in D:\Applications\Website\Core\Yii.1.1.14\framework\base\CComponent.php:173
Stack trace:
#0 D:\Applications\Website\Core\Yii.1.1.14\framework\base\CModule.php(513): CComponent->__set('ipfilters', Array)
#1 D:\Applications\Website\Core\Yii.1.1.14\framework\base\CModule.php(86): CModule->configure(Array)
#2 D:\Applications\Website\Core\Yii.1.1.14\framework\YiiBase.php(206): CModule->__construct('gii', NULL, Array)
#3 D:\Applications\Website\Core\Yii.1.1.14\framework\base\CModule.php(282): YiiBase::createComponent('system.gii.giim...', 'gii', NULL, Array)
#4 D:\Applications\Website\Core\Yii.1.1.14\framework\web\CWebApplication.php(337): CModule->getModule('gii')
#5 D:\Applications\Website\Core\Yii.1.1.14\framework\web\CWebApplication.php(276): CWebApplication->createController('gii')
#6 D:\Applications\Website\Core\Yii.1.1.14\framework\web\CWebApplication.php(141): CWebApplication->runController('gii')
#7 D:\Applications\Website\Core\Yii.1.1.14\framework\base\CApplication.php(180): CWebApplication->processRequest()
#8 D:\Applications\Website\xshop-website\index.php(13): CApplication->run()
#9 {main}
REQUEST_URI=/xshop-website/index.php?r=gii
---
2013/11/03 17:50:41 [error] [exception.CException] exception 'CException' with message 'Property "GiiModule.ipfilters" is not defined.' in D:\Applications\Website\Core\Yii.1.1.14\framework\base\CComponent.php:173
Stack trace:
#0 D:\Applications\Website\Core\Yii.1.1.14\framework\base\CModule.php(513): CComponent->__set('ipfilters', Array)
#1 D:\Applications\Website\Core\Yii.1.1.14\framework\base\CModule.php(86): CModule->configure(Array)
#2 D:\Applications\Website\Core\Yii.1.1.14\framework\YiiBase.php(206): CModule->__construct('gii', NULL, Array)
#3 D:\Applications\Website\Core\Yii.1.1.14\framework\base\CModule.php(282): YiiBase::createComponent('system.gii.giim...', 'gii', NULL, Array)
#4 D:\Applications\Website\Core\Yii.1.1.14\framework\web\CWebApplication.php(337): CModule->getModule('gii')
#5 D:\Applications\Website\Core\Yii.1.1.14\framework\web\CWebApplication.php(276): CWebApplication->createController('gii')
#6 D:\Applications\Website\Core\Yii.1.1.14\framework\web\CWebApplication.php(141): CWebApplication->runController('gii')
#7 D:\Applications\Website\Core\Yii.1.1.14\framework\base\CApplication.php(180): CWebApplication->processRequest()
#8 D:\Applications\Website\xshop-website\index.php(13): CApplication->run()
#9 {main}
REQUEST_URI=/xshop-website/index.php?r=gii
---
